<?xml version="1.0" encoding="UTF-8"?>
<!-- Generated by org.testng.reporters.JUnitReportReporter -->
<testsuite hostname="LAPTOP-T0BR2VQH" failures="0" tests="1" name="testngConcept.ExpectedExceptionsTest" time="0.023" errors="0" timestamp="2020-03-23T22:26:49 IST" skipped="0">
  <testcase classname="testngConcept.ExpectedExceptionsTest" name="noExpception" time="0.023"/>
  <system-out/>
</testsuite> <!-- testngConcept.ExpectedExceptionsTest -->
