<?xml version="1.0" encoding="UTF-8"?>
<!-- Generated by org.testng.reporters.JUnitReportReporter -->
<testsuite hostname="LAPTOP-T0BR2VQH" failures="0" tests="4" name="AllConcepts.VisibilityTest" time="33.150" errors="0" timestamp="2020-03-22T23:55:54 IST" skipped="0">
  <testcase classname="AllConcepts.VisibilityTest" name="isSelectedCheck" time="9.524"/>
  <system-out/>
  <testcase classname="AllConcepts.VisibilityTest" name="isEnabledTest" time="5.773"/>
  <system-out/>
  <testcase classname="AllConcepts.VisibilityTest" name="isSelected" time="6.409"/>
  <system-out/>
  <testcase classname="AllConcepts.VisibilityTest" name="isDisplayedTest" time="11.444"/>
  <system-out/>
</testsuite> <!-- AllConcepts.VisibilityTest -->
