<?xml version="1.0" encoding="UTF-8"?>
<!-- Generated by org.testng.reporters.JUnitReportReporter -->
<testsuite hostname="LAPTOP-T0BR2VQH" failures="0" tests="9" name="AllConcepts.VisibilityTest" time="74.990" errors="0" timestamp="2020-03-23T09:26:20 IST" skipped="0">
  <testcase classname="AllConcepts.VisibilityTest" name="test" time="5.564"/>
  <system-out/>
  <testcase classname="AllConcepts.VisibilityTest" name="test" time="7.611"/>
  <system-out/>
  <testcase classname="AllConcepts.VisibilityTest" name="test" time="5.577"/>
  <system-out/>
  <testcase classname="AllConcepts.VisibilityTest" name="test" time="5.646"/>
  <system-out/>
  <testcase classname="AllConcepts.VisibilityTest" name="test" time="7.542"/>
  <system-out/>
  <testcase classname="AllConcepts.VisibilityTest" name="isDisplayedTest" time="10.816"/>
  <system-out/>
  <testcase classname="AllConcepts.VisibilityTest" name="isSelectedCheck" time="10.682"/>
  <system-out/>
  <testcase classname="AllConcepts.VisibilityTest" name="isSelected" time="6.530"/>
  <system-out/>
  <testcase classname="AllConcepts.VisibilityTest" name="isEnabledTest" time="15.022"/>
  <system-out/>
</testsuite> <!-- AllConcepts.VisibilityTest -->
