<?xml version="1.0" encoding="UTF-8"?>
<!-- Generated by org.testng.reporters.JUnitReportReporter -->
<testsuite hostname="LAPTOP-T0BR2VQH" failures="0" tests="9" name="testngConcept.VisibilityTest" time="70.017" errors="0" timestamp="2020-03-23T22:42:33 IST" skipped="0">
  <testcase classname="testngConcept.VisibilityTest" name="test" time="6.083"/>
  <system-out/>
  <testcase classname="testngConcept.VisibilityTest" name="test" time="6.998"/>
  <system-out/>
  <testcase classname="testngConcept.VisibilityTest" name="test" time="5.886"/>
  <system-out/>
  <testcase classname="testngConcept.VisibilityTest" name="test" time="7.825"/>
  <system-out/>
  <testcase classname="testngConcept.VisibilityTest" name="test" time="4.838"/>
  <system-out/>
  <testcase classname="testngConcept.VisibilityTest" name="isDisplayedTest" time="6.366"/>
  <system-out/>
  <testcase classname="testngConcept.VisibilityTest" name="isSelectedCheck" time="6.153"/>
  <system-out/>
  <testcase classname="testngConcept.VisibilityTest" name="isSelected" time="6.032"/>
  <system-out/>
  <testcase classname="testngConcept.VisibilityTest" name="isEnabledTest" time="19.836"/>
  <system-out/>
</testsuite> <!-- testngConcept.VisibilityTest -->
