<?xml version="1.0" encoding="UTF-8"?>
<!-- Generated by org.testng.reporters.JUnitReportReporter -->
<testsuite hostname="LAPTOP-T0BR2VQH" failures="0" tests="2" name="testngConcept.Test1" time="0.019" errors="0" timestamp="2020-03-27T00:33:15 IST" skipped="0">
  <testcase classname="testngConcept.Test1" name="testMethod1" time="0.016"/>
  <system-out/>
  <testcase classname="testngConcept.Test1" name="testMethod2" time="0.003"/>
  <system-out/>
</testsuite> <!-- testngConcept.Test1 -->
