<?xml version="1.0" encoding="UTF-8"?>
<!-- Generated by org.testng.reporters.JUnitReportReporter -->
<testsuite hostname="LAPTOP-T0BR2VQH" failures="0" tests="1" name="AllConcepts.TestNG_Practice" time="0.029" errors="0" timestamp="2020-03-22T21:40:56 IST" skipped="0">
  <testcase classname="AllConcepts.TestNG_Practice" name="a" time="0.029"/>
  <system-out/>
</testsuite> <!-- AllConcepts.TestNG_Practice -->
