<?xml version="1.0" encoding="UTF-8"?>
<!-- Generated by org.testng.reporters.JUnitReportReporter -->
<testsuite hostname="LAPTOP-T0BR2VQH" failures="0" tests="1" name="AllConcepts.ExpectedExceptionsTest" time="0.011" errors="0" timestamp="2020-03-23T09:39:14 IST" skipped="0">
  <testcase classname="AllConcepts.ExpectedExceptionsTest" name="noExpception" time="0.011"/>
  <system-out/>
</testsuite> <!-- AllConcepts.ExpectedExceptionsTest -->
