<?xml version="1.0" encoding="UTF-8"?>
<!-- Generated by org.testng.reporters.JUnitReportReporter -->
<testsuite hostname="LAPTOP-T0BR2VQH" failures="0" tests="1" name="testngConcept.VisibilityTest" time="33.858" errors="0" timestamp="2020-03-27T00:33:15 IST" skipped="0">
  <testcase classname="testngConcept.VisibilityTest" name="isDisplayedTest" time="33.858"/>
  <system-out/>
</testsuite> <!-- testngConcept.VisibilityTest -->
