<?xml version="1.0" encoding="UTF-8"?>
<!-- Generated by org.testng.reporters.JUnitReportReporter -->
<testsuite hostname="LAPTOP-T0BR2VQH" failures="0" tests="1" name="AllConcepts.DropdownConcept" time="0.436" errors="0" timestamp="2020-03-25T23:25:20 IST" skipped="0">
  <testcase classname="AllConcepts.DropdownConcept" name="dropDownTest" time="0.436"/>
  <system-out/>
</testsuite> <!-- AllConcepts.DropdownConcept -->
